<?xml version="1.0" encoding="UTF-8"?>
<testsuite xmlns:xsi="http://www.w3.org/2001/XMLSchema-instance" xsi:noNamespaceSchemaLocation="https://maven.apache.org/surefire/maven-surefire-plugin/xsd/surefire-test-report.xsd" version="3.0.2" name="com.devsenai2A.petshop.PetshopApplicationTests" time="2.41" tests="1" errors="0" skipped="0" failures="0">
  <properties>
[...]
</properties>
  <testcase name="contextLoads" classname="com.devsenai2A.petshop.PetshopApplicationTests" time="0.622">
    <system-out><![CDATA[14:01:15.350 [main] INFO org.springframework.test.context.support.AnnotationConfigContextLoaderUtils -- Could not detect default configuration classes for test class [com.devsenai2A.petshop.PetshopApplicationTests]: PetshopApplicationTests does not declare any static, non-private, non-final, nested classes annotated with @Configuration.
14:01:15.422 [main] INFO org.springframework.boot.test.context.SpringBootTestContextBootstrapper -- Found @SpringBootConfiguration com.devsenai2A.petshop.PetshopApplication for test class com.devsenai2A.petshop.PetshopApplicationTests
14:01:15.549 [main] INFO org.springframework.boot.devtools.restart.RestartApplicationListener -- Restart disabled due to context in which it is running

  .   ____          _            __ _ _
 /\\ / ___'_ __ _ _(_)_ __  __ _ \ \ \ \
( ( )\___ | '_ | '_| | '_ \/ _` | \ \ \ \
 \\/  ___)| |_)| | | | | || (_| |  ) ) ) )
  '  |____| .__|_| |_|_| |_\__, | / / / /
 =========|_|==============|___/=/_/_/_/

 :: Spring Boot ::                (v3.5.6)

2025-09-22T14:01:15.757-03:00  INFO 19100 --- [petshop] [           main] c.d.petshop.PetshopApplicationTests      : Starting PetshopApplicationTests using Java 17.0.15 with PID 19100 (started by Aluno in C:\Users\Aluno\eclipse-workspace\petshop)
2025-09-22T14:01:15.758-03:00  INFO 19100 --- [petshop] [           main] c.d.petshop.PetshopApplicationTests      : No active profile set, falling back to 1 default profile: "default"
2025-09-22T14:01:17.008-03:00  INFO 19100 --- [petshop] [           main] c.d.petshop.PetshopApplicationTests      : Started PetshopApplicationTests in 1.467 seconds (process running for 2.097)
]]></system-out>
  </testcase>
</testsuite>